<?xml version="1.0" encoding="UTF-8"?>
<coverage generated="1742924648750" clover="3.2.0">
  <project timestamp="1742924648751" name="All files">
    <metrics statements="53" coveredstatements="43" conditionals="29" coveredconditionals="24" methods="28" coveredmethods="22" elements="110" coveredelements="89" complexity="0" loc="53" ncloc="53" packages="4" files="6" classes="6"/>
    <package name="src">
      <metrics statements="0" coveredstatements="0" conditionals="0" coveredconditionals="0" methods="0" coveredmethods="0"/>
      <file name="setupTests.js" path="/home/labber/lighthouse/scheduler-2/src/setupTests.js">
        <metrics statements="0" coveredstatements="0" conditionals="0" coveredconditionals="0" methods="0" coveredmethods="0"/>
      </file>
    </package>
    <package name="src.helpers">
      <metrics statements="7" coveredstatements="7" conditionals="10" coveredconditionals="10" methods="7" coveredmethods="7"/>
      <file name="selectors.js" path="/home/labber/lighthouse/scheduler-2/src/helpers/selectors.js">
        <metrics statements="7" coveredstatements="7" conditionals="10" coveredconditionals="10" methods="7" coveredmethods="7"/>
        <line num="2" count="11" type="stmt"/>
        <line num="4" count="11" type="cond" truecount="4" falsecount="0"/>
        <line num="6" count="16" type="stmt"/>
        <line num="10" count="11" type="stmt"/>
        <line num="12" count="11" type="cond" truecount="4" falsecount="0"/>
        <line num="14" count="14" type="stmt"/>
        <line num="18" count="10" type="stmt"/>
      </file>
    </package>
    <package name="src.hooks">
      <metrics statements="31" coveredstatements="21" conditionals="9" coveredconditionals="5" methods="17" coveredmethods="11"/>
      <file name="useApplicationData.js" path="/home/labber/lighthouse/scheduler-2/src/hooks/useApplicationData.js">
        <metrics statements="10" coveredstatements="8" conditionals="0" coveredconditionals="0" methods="8" coveredmethods="6"/>
        <line num="12" count="6" type="stmt"/>
        <line num="19" count="6" type="stmt"/>
        <line num="21" count="6" type="stmt"/>
        <line num="22" count="2" type="stmt"/>
        <line num="28" count="2" type="stmt"/>
        <line num="38" count="1" type="stmt"/>
        <line num="39" count="1" type="stmt"/>
        <line num="48" count="0" type="stmt"/>
        <line num="49" count="0" type="stmt"/>
        <line num="57" count="6" type="stmt"/>
      </file>
      <file name="useRealtimeUpdate.js" path="/home/labber/lighthouse/scheduler-2/src/hooks/useRealtimeUpdate.js">
        <metrics statements="8" coveredstatements="0" conditionals="4" coveredconditionals="0" methods="4" coveredmethods="0"/>
        <line num="5" count="0" type="stmt"/>
        <line num="6" count="0" type="stmt"/>
        <line num="8" count="0" type="stmt"/>
        <line num="9" count="0" type="stmt"/>
        <line num="11" count="0" type="cond" truecount="0" falsecount="4"/>
        <line num="12" count="0" type="stmt"/>
        <line num="16" count="0" type="stmt"/>
        <line num="17" count="0" type="stmt"/>
      </file>
      <file name="useVisualMode.js" path="/home/labber/lighthouse/scheduler-2/src/hooks/useVisualMode.js">
        <metrics statements="13" coveredstatements="13" conditionals="5" coveredconditionals="5" methods="5" coveredmethods="5"/>
        <line num="4" count="26" type="stmt"/>
        <line num="6" count="26" type="stmt"/>
        <line num="8" count="26" type="cond" truecount="1" falsecount="0"/>
        <line num="9" count="7" type="stmt"/>
        <line num="10" count="7" type="cond" truecount="2" falsecount="0"/>
        <line num="11" count="1" type="stmt"/>
        <line num="12" count="1" type="stmt"/>
        <line num="13" count="1" type="stmt"/>
        <line num="15" count="6" type="stmt"/>
        <line num="19" count="26" type="stmt"/>
        <line num="20" count="4" type="cond" truecount="2" falsecount="0"/>
        <line num="21" count="3" type="stmt"/>
        <line num="25" count="26" type="stmt"/>
      </file>
    </package>
    <package name="src.reducers">
      <metrics statements="15" coveredstatements="15" conditionals="10" coveredconditionals="9" methods="4" coveredmethods="4"/>
      <file name="application.js" path="/home/labber/lighthouse/scheduler-2/src/reducers/application.js">
        <metrics statements="15" coveredstatements="15" conditionals="10" coveredconditionals="9" methods="4" coveredmethods="4"/>
        <line num="1" count="2" type="stmt"/>
        <line num="2" count="2" type="stmt"/>
        <line num="3" count="2" type="stmt"/>
        <line num="6" count="5" type="cond" truecount="4" falsecount="0"/>
        <line num="8" count="1" type="stmt"/>
        <line num="10" count="2" type="stmt"/>
        <line num="17" count="1" type="stmt"/>
        <line num="22" count="1" type="stmt"/>
        <line num="27" count="1" type="stmt"/>
        <line num="28" count="1" type="stmt"/>
        <line num="30" count="2" type="cond" truecount="1" falsecount="1"/>
        <line num="34" count="1" type="stmt"/>
        <line num="35" count="2" type="cond" truecount="2" falsecount="0"/>
        <line num="43" count="1" type="stmt"/>
        <line num="50" count="1" type="stmt"/>
      </file>
    </package>
  </project>
</coverage>
