TN:
SF:src/setupTests.js
FNF:0
FNH:0
LF:0
LH:0
BRF:0
BRH:0
end_of_record
TN:
SF:src/helpers/selectors.js
FN:1,getAppointmentsForDay
FN:2,(anonymous_1)
FN:6,(anonymous_2)
FN:9,getInterviewersForDay
FN:10,(anonymous_4)
FN:14,(anonymous_5)
FN:17,getInterview
FNF:7
FNH:7
FNDA:11,getAppointmentsForDay
FNDA:11,(anonymous_1)
FNDA:16,(anonymous_2)
FNDA:11,getInterviewersForDay
FNDA:11,(anonymous_4)
FNDA:14,(anonymous_5)
FNDA:10,getInterview
DA:2,11
DA:4,11
DA:6,16
DA:10,11
DA:12,11
DA:14,14
DA:18,10
LF:7
LH:7
BRDA:4,0,0,4
BRDA:4,0,1,7
BRDA:4,1,0,11
BRDA:4,1,1,8
BRDA:12,2,0,4
BRDA:12,2,1,7
BRDA:12,3,0,11
BRDA:12,3,1,8
BRDA:19,4,0,10
BRDA:19,4,1,6
BRF:10
BRH:10
end_of_record
TN:
SF:src/hooks/useApplicationData.js
FN:11,useApplicationData
FN:19,(anonymous_1)
FN:21,(anonymous_2)
FN:27,(anonymous_3)
FN:37,bookInterview
FN:38,(anonymous_5)
FN:47,cancelInterview
FN:48,(anonymous_7)
FNF:8
FNH:6
FNDA:6,useApplicationData
FNDA:1,(anonymous_1)
FNDA:2,(anonymous_2)
FNDA:2,(anonymous_3)
FNDA:1,bookInterview
FNDA:1,(anonymous_5)
FNDA:0,cancelInterview
FNDA:0,(anonymous_7)
DA:12,6
DA:19,6
DA:21,6
DA:22,2
DA:28,2
DA:38,1
DA:39,1
DA:48,0
DA:49,0
DA:57,6
LF:10
LH:8
BRF:0
BRH:0
end_of_record
TN:
SF:src/hooks/useRealtimeUpdate.js
FN:4,useRealtimeUpdate
FN:5,(anonymous_1)
FN:8,(anonymous_2)
FN:16,(anonymous_3)
FNF:4
FNH:0
FNDA:0,useRealtimeUpdate
FNDA:0,(anonymous_1)
FNDA:0,(anonymous_2)
FNDA:0,(anonymous_3)
DA:5,0
DA:6,0
DA:8,0
DA:9,0
DA:11,0
DA:12,0
DA:16,0
DA:17,0
LF:8
LH:0
BRDA:11,0,0,0
BRDA:11,0,1,0
BRDA:11,1,0,0
BRDA:11,1,1,0
BRF:4
BRH:0
end_of_record
TN:
SF:src/hooks/useVisualMode.js
FN:3,useVisualMode
FN:8,(anonymous_1)
FN:9,(anonymous_2)
FN:19,(anonymous_3)
FN:21,(anonymous_4)
FNF:5
FNH:5
FNDA:26,useVisualMode
FNDA:7,(anonymous_1)
FNDA:7,(anonymous_2)
FNDA:4,(anonymous_3)
FNDA:3,(anonymous_4)
DA:4,26
DA:6,26
DA:8,26
DA:9,7
DA:10,7
DA:11,1
DA:12,1
DA:13,1
DA:15,6
DA:19,26
DA:20,4
DA:21,3
DA:25,26
LF:13
LH:13
BRDA:8,0,0,6
BRDA:10,1,0,1
BRDA:10,1,1,6
BRDA:20,2,0,3
BRDA:20,2,1,1
BRF:5
BRH:5
end_of_record
TN:
SF:src/reducers/application.js
FN:5,reducer
FN:27,(anonymous_1)
FN:30,(anonymous_2)
FN:34,(anonymous_3)
FNF:4
FNH:4
FNDA:5,reducer
FNDA:1,(anonymous_1)
FNDA:2,(anonymous_2)
FNDA:2,(anonymous_3)
DA:1,2
DA:2,2
DA:3,2
DA:6,5
DA:8,1
DA:10,2
DA:17,1
DA:22,1
DA:27,1
DA:28,1
DA:30,2
DA:34,1
DA:35,2
DA:43,1
DA:50,1
LF:15
LH:15
BRDA:6,0,0,1
BRDA:6,0,1,2
BRDA:6,0,2,1
BRDA:6,0,3,1
BRDA:19,1,0,1
BRDA:19,1,1,1
BRDA:30,2,0,2
BRDA:30,2,1,0
BRDA:35,3,0,1
BRDA:35,3,1,1
BRF:10
BRH:9
end_of_record
